<?xml version="1.0" encoding="UTF-8"?>
<!-- Generated by org.testng.reporters.JUnitReportReporter -->
<testsuite skipped="0" hostname="Saif-Siddiqui-2.local" name="testcases.android.VerifyLandingPageAndroid" tests="1" failures="0" timestamp="22 Mar 2019 09:22:25 GMT" time="1.449" errors="0">
  <testcase name="VerifyLandingPageAndroid" time="1.449" classname="testcases.android.VerifyLandingPageAndroid"/>
</testsuite> <!-- testcases.android.VerifyLandingPageAndroid -->
