<?xml version="1.0" encoding="UTF-8"?>
<!-- Generated by org.testng.reporters.JUnitReportReporter -->
<testsuite skipped="0" hostname="Saif-Siddiqui-2.local" name="testcases.android.VerifyLandingPageAndroid" tests="1" failures="0" timestamp="27 Mar 2019 05:43:25 GMT" time="33.370" errors="0">
  <testcase name="VerifyLandingPageAndroid" time="33.370" classname="testcases.android.VerifyLandingPageAndroid"/>
</testsuite> <!-- testcases.android.VerifyLandingPageAndroid -->
